<?xml version="1.0" encoding="UTF-8"?>
<!-- Generated by org.testng.reporters.JUnitReportReporter -->
<testsuite skipped="0" hostname="PC335639" name="TestCases.Sample" tests="3" failures="0" timestamp="03 May 2017 11:40:02 GMT" time="24.753" errors="0">
  <testcase name="test" time="10.310" classname="TestCases.Sample"/>
  <testcase name="test" time="11.865" classname="TestCases.Sample"/>
  <testcase name="test" time="2.578" classname="TestCases.Sample"/>
</testsuite> <!-- TestCases.Sample -->
